<?xml version="1.0" encoding="UTF-8"?>
<!-- Generated by org.testng.reporters.JUnitReportReporter -->
<testsuite hostname="tblr-lap-17" failures="0" tests="3" name="com.qa.nael.Tests.ProductPageTest" time="17.321" errors="0" timestamp="2024-11-22T12:01:27 IST" skipped="0">
  <testcase classname="com.qa.nael.Tests.ProductPageTest" name="verifyProductsTest" time="0.718"/>
  <system-out/>
  <testcase classname="com.qa.nael.Tests.ProductPageTest" name="verifyProductsNameTest" time="0.095"/>
  <system-out/>
  <testcase classname="com.qa.nael.Tests.ProductPageTest" name="clickontheProductslinkTest" time="16.508"/>
  <system-out/>
</testsuite> <!-- com.qa.nael.Tests.ProductPageTest -->
