<?xml version="1.0" encoding="UTF-8"?>
<!-- Generated by org.testng.reporters.JUnitReportReporter -->
<testsuite hostname="tblr-lap-17" failures="0" tests="1" name="com.Nael_construct.Nael_construct.NewTest" time="0.009" errors="0" timestamp="2024-09-17T12:52:15 IST" skipped="0">
  <testcase classname="com.Nael_construct.Nael_construct.NewTest" name="f" time="0.009"/>
  <system-out/>
</testsuite> <!-- com.Nael_construct.Nael_construct.NewTest -->
