<?xml version="1.0" encoding="UTF-8"?>
<!-- Generated by org.testng.reporters.JUnitReportReporter -->
<testsuite hostname="tblr-lap-17" failures="0" tests="9" name="com.qa.nael.Tests.DivisionsPageTest" time="24.597" errors="0" timestamp="2024-11-19T16:26:00 IST" skipped="0">
  <testcase classname="com.qa.nael.Tests.DivisionsPageTest" name="verifyDivisionsTest" time="0.212"/>
  <system-out/>
  <testcase classname="com.qa.nael.Tests.DivisionsPageTest" name="verifyClickonPrecatFactoryTest" time="0.774"/>
  <system-out/>
  <testcase classname="com.qa.nael.Tests.DivisionsPageTest" name="verifyBottomFactoriesTest" time="0.108"/>
  <system-out/>
  <testcase classname="com.qa.nael.Tests.DivisionsPageTest" name="clickonBottomFactoriesTest" time="1.635"/>
  <system-out/>
  <testcase classname="com.qa.nael.Tests.DivisionsPageTest" name="verifyClickonBlockFactoryTest" time="0.400"/>
  <system-out/>
  <testcase classname="com.qa.nael.Tests.DivisionsPageTest" name="verifyBottomFactoryforBlockFactoryTest" time="0.105"/>
  <system-out/>
  <testcase classname="com.qa.nael.Tests.DivisionsPageTest" name="clickonBottomFactoryforBlockFactoryTest" time="19.464"/>
  <system-out/>
  <testcase classname="com.qa.nael.Tests.DivisionsPageTest" name="verifyClickonSisterConcernsTest" time="1.809"/>
  <system-out/>
  <testcase classname="com.qa.nael.Tests.DivisionsPageTest" name="verifyListedSistorConcernsTest" time="0.090"/>
  <system-out/>
</testsuite> <!-- com.qa.nael.Tests.DivisionsPageTest -->
