<?xml version="1.0" encoding="UTF-8"?>
<!-- Generated by org.testng.reporters.JUnitReportReporter -->
<testsuite hostname="tblr-lap-17" failures="0" tests="3" name="com.qa.nael.Tests.ProjectsPageTest" time="26.988" errors="0" timestamp="2024-11-19T16:26:00 IST" skipped="0">
  <testcase classname="com.qa.nael.Tests.ProjectsPageTest" name="verifyProjectlinkTest" time="3.229"/>
  <system-out/>
  <testcase classname="com.qa.nael.Tests.ProjectsPageTest" name="verifyProjects" time="18.624"/>
  <system-out/>
  <testcase classname="com.qa.nael.Tests.ProjectsPageTest" name="verifyOtherProjects" time="5.135"/>
  <system-out/>
</testsuite> <!-- com.qa.nael.Tests.ProjectsPageTest -->
