<?xml version="1.0" encoding="UTF-8"?>
<!-- Generated by org.testng.reporters.JUnitReportReporter -->
<testsuite hostname="tblr-lap-17" failures="0" tests="3" name="com.qa.nael.Tests.AboutPageTest" time="2.153" errors="0" timestamp="2024-11-19T16:26:00 IST" skipped="0">
  <testcase classname="com.qa.nael.Tests.AboutPageTest" name="verifyAboutTest" time="0.209"/>
  <system-out/>
  <testcase classname="com.qa.nael.Tests.AboutPageTest" name="verifyAccolagesTest" time="1.361"/>
  <system-out/>
  <testcase classname="com.qa.nael.Tests.AboutPageTest" name="verifyCsrTest" time="0.583"/>
  <system-out/>
</testsuite> <!-- com.qa.nael.Tests.AboutPageTest -->
