<?xml version="1.0" encoding="UTF-8"?>
<!-- Generated by org.testng.reporters.JUnitReportReporter -->
<testsuite hostname="tblr-lap-17" failures="0" tests="1" name="com.qa.nael.Tests.NaelReadMixTest" time="0.036" errors="0" timestamp="2024-11-19T16:26:00 IST" skipped="0">
  <testcase classname="com.qa.nael.Tests.NaelReadMixTest" name="verifyNaelMixGalleryTest" time="0.036"/>
  <system-out/>
</testsuite> <!-- com.qa.nael.Tests.NaelReadMixTest -->
